<?xml version="1.0" encoding="UTF-8"?>
<!-- Generated by org.testng.reporters.JUnitReportReporter -->
<testsuite hostname="DESKTOP-PEQ45KA" name="testNG.GmailCompseMail" tests="1" failures="0" timestamp="16 Nov 2016 11:12:30 GMT" time="77.899" errors="0">
  <testcase name="m1" time="77.899" classname="testNG.GmailCompseMail"/>
</testsuite> <!-- testNG.GmailCompseMail -->
