<?xml version="1.0" encoding="UTF-8"?>
<!-- Generated by org.testng.reporters.JUnitReportReporter -->
<testsuite hostname="Santosh-PC" name="webTable.dynamic_table" tests="1" failures="0" timestamp="10 Jul 2017 17:42:29 GMT" time="0.696" errors="0">
  <testcase name="Handle_Dynamic_Webtable" time="0.696" classname="webTable.dynamic_table"/>
</testsuite> <!-- webTable.dynamic_table -->
