<?xml version="1.0" encoding="UTF-8"?>
<!-- Generated by org.testng.reporters.JUnitReportReporter -->
<testsuite hostname="Santosh-PC" name="crossbrowsertesting.CrossBrowserDemo" tests="1" failures="0" timestamp="10 Jul 2017 18:18:19 GMT" time="3.524" errors="0">
  <testcase name="crossBrowser" time="3.524" classname="crossbrowsertesting.CrossBrowserDemo"/>
</testsuite> <!-- crossbrowsertesting.CrossBrowserDemo -->
