<?xml version="1.0" encoding="UTF-8"?>
<!-- Generated by org.testng.reporters.JUnitReportReporter -->
<testsuite hostname="DESKTOP-PEQ45KA" name="testNG.FB_PrintAllDropdown" tests="1" failures="0" timestamp="14 Nov 2016 13:41:16 GMT" time="1.039" errors="0">
  <testcase name="dropDown" time="1.039" classname="testNG.FB_PrintAllDropdown"/>
</testsuite> <!-- testNG.FB_PrintAllDropdown -->
