<?xml version="1.0" encoding="UTF-8"?>
<!-- Generated by org.testng.reporters.JUnitReportReporter -->
<testsuite hostname="HOME-PC" name="testNG.FB_Dropdown" tests="1" failures="0" timestamp="30 Aug 2015 19:58:19 GMT" time="45.643" errors="0">
  <testcase name="dropDown" time="45.643" classname="testNG.FB_Dropdown"/>
</testsuite> <!-- testNG.FB_Dropdown -->
